{"numFailedTestSuites":0,"numFailedTests":0,"numPassedTestSuites":1,"numPassedTests":18,"numPendingTestSuites":0,"numPendingTests":0,"numRuntimeErrorTestSuites":0,"numTotalTestSuites":1,"numTotalTests":18,"openHandles":[],"snapshot":{"added":0,"didUpdate":false,"failure":false,"filesAdded":0,"filesRemoved":0,"filesUnmatched":0,"filesUpdated":0,"matched":0,"total":0,"unchecked":0,"uncheckedKeysByFile":[],"unmatched":0,"updated":0},"startTime":1568816545415,"success":true,"testResults":[{"console":null,"failureMessage":null,"numFailingTests":0,"numPassingTests":18,"numPendingTests":0,"perfStats":{"end":1568816548117,"start":1568816546888},"snapshot":{"added":0,"fileDeleted":false,"matched":0,"unchecked":0,"unmatched":0,"updated":0,"uncheckedKeys":[]},"testFilePath":"C:\\Users\\Avi\\bootCamp\\week3\\OOP\\oop-intro-lesson-exercises-ex-AviMoore10\\.hg\\exercises\\ex-1.test.js","testResults":[{"ancestorTitles":["exercise1"],"duration":7,"failureMessages":[],"fullName":"exercise1 The Document class should create an object with an attribute called - EmployeeName and it should be initialized in the constructor","location":null,"numPassingAsserts":0,"status":"passed","title":"The Document class should create an object with an attribute called - EmployeeName and it should be initialized in the constructor"},{"ancestorTitles":["exercise1"],"duration":2,"failureMessages":[],"fullName":"exercise1 The Employee class should create an object with an attribute called - name and it should be initialized in the constructor","location":null,"numPassingAsserts":0,"status":"passed","title":"The Employee class should create an object with an attribute called - name and it should be initialized in the constructor"},{"ancestorTitles":["exercise1"],"duration":3,"failureMessages":[],"fullName":"exercise1 The Employee class should have a function called - work","location":null,"numPassingAsserts":0,"status":"passed","title":"The Employee class should have a function called - work"},{"ancestorTitles":["exercise1"],"duration":2,"failureMessages":[],"fullName":"exercise1 The Manager class should create an object with an attribute called - name and it should be initialized in the constructor","location":null,"numPassingAsserts":0,"status":"passed","title":"The Manager class should create an object with an attribute called - name and it should be initialized in the constructor"},{"ancestorTitles":["exercise1"],"duration":4,"failureMessages":[],"fullName":"exercise1 The Manager class should create an object with an attribute called - employees that is initialized with an empty array","location":null,"numPassingAsserts":0,"status":"passed","title":"The Manager class should create an object with an attribute called - employees that is initialized with an empty array"},{"ancestorTitles":["exercise1"],"duration":2,"failureMessages":[],"fullName":"exercise1 The Manager class should have a function called - hireEmployee that pushes a new employee to the employees array","location":null,"numPassingAsserts":0,"status":"passed","title":"The Manager class should have a function called - hireEmployee that pushes a new employee to the employees array"},{"ancestorTitles":["exercise1"],"duration":9,"failureMessages":[],"fullName":"exercise1 The Manager class should have a function called - hireEmployee that pushes a new employee to the *end* of the employess array","location":null,"numPassingAsserts":0,"status":"passed","title":"The Manager class should have a function called - hireEmployee that pushes a new employee to the *end* of the employess array"},{"ancestorTitles":["exercise1"],"duration":8,"failureMessages":[],"fullName":"exercise1 The Manager class should have a function called - askEmployeesToWork that invokes each employee's work function","location":null,"numPassingAsserts":0,"status":"passed","title":"The Manager class should have a function called - askEmployeesToWork that invokes each employee's work function"},{"ancestorTitles":["exercise1"],"duration":3,"failureMessages":[],"fullName":"exercise1 The Cleaner class should create an object with an attribute called - name and it should be initialized in the constructor","location":null,"numPassingAsserts":0,"status":"passed","title":"The Cleaner class should create an object with an attribute called - name and it should be initialized in the constructor"},{"ancestorTitles":["exercise1"],"duration":4,"failureMessages":[],"fullName":"exercise1 The Cleaner class should have an function called - clean and it should console.log 'Clean'","location":null,"numPassingAsserts":0,"status":"passed","title":"The Cleaner class should have an function called - clean and it should console.log 'Clean'"},{"ancestorTitles":["exercise1"],"duration":4,"failureMessages":[],"fullName":"exercise1 The Office class should create an object with an attribute called - documents that is initialized with an empty array","location":null,"numPassingAsserts":0,"status":"passed","title":"The Office class should create an object with an attribute called - documents that is initialized with an empty array"},{"ancestorTitles":["exercise1"],"duration":4,"failureMessages":[],"fullName":"exercise1 The Office class should create an object with an attribute called - managers that is initialized with an empty array","location":null,"numPassingAsserts":0,"status":"passed","title":"The Office class should create an object with an attribute called - managers that is initialized with an empty array"},{"ancestorTitles":["exercise1"],"duration":3,"failureMessages":[],"fullName":"exercise1 The Office class should create an object with an attribute called - cleaners that is initialized with an empty array","location":null,"numPassingAsserts":0,"status":"passed","title":"The Office class should create an object with an attribute called - cleaners that is initialized with an empty array"},{"ancestorTitles":["exercise1"],"duration":3,"failureMessages":[],"fullName":"exercise1 The Office class should have a function called - hireManager that pushes a new manager to the managers array","location":null,"numPassingAsserts":0,"status":"passed","title":"The Office class should have a function called - hireManager that pushes a new manager to the managers array"},{"ancestorTitles":["exercise1"],"duration":4,"failureMessages":[],"fullName":"exercise1 The Office class should have a function called - hireCleaner that pushes a new cleaner to the cleaners array","location":null,"numPassingAsserts":0,"status":"passed","title":"The Office class should have a function called - hireCleaner that pushes a new cleaner to the cleaners array"},{"ancestorTitles":["exercise1"],"duration":5,"failureMessages":[],"fullName":"exercise1 The Employee class should have a function called - work. that pushes 10 new documents to the office's documents array.","location":null,"numPassingAsserts":0,"status":"passed","title":"The Employee class should have a function called - work. that pushes 10 new documents to the office's documents array."},{"ancestorTitles":["exercise1"],"duration":8,"failureMessages":[],"fullName":"exercise1 The Employee class should have a function called - work. The new documents created by the employee should have the employee name on it","location":null,"numPassingAsserts":0,"status":"passed","title":"The Employee class should have a function called - work. The new documents created by the employee should have the employee name on it"},{"ancestorTitles":["exercise1"],"duration":31,"failureMessages":[],"fullName":"exercise1 The Office class should have a function called - startWorkDay that will start the working day - it should call the askEmployeesToWork function for all the managers and the clean function for all the cleaners","location":null,"numPassingAsserts":0,"status":"passed","title":"The Office class should have a function called - startWorkDay that will start the working day - it should call the askEmployeesToWork function for all the managers and the clean function for all the cleaners"}],"sourceMaps":{},"skipped":false,"leaks":false}],"wasInterrupted":false}