{"numFailedTestSuites":0,"numFailedTests":0,"numPassedTestSuites":2,"numPassedTests":3,"numPendingTestSuites":0,"numPendingTests":0,"numRuntimeErrorTestSuites":0,"numTotalTestSuites":2,"numTotalTests":3,"openHandles":[],"snapshot":{"added":0,"didUpdate":false,"failure":false,"filesAdded":0,"filesRemoved":0,"filesUnmatched":0,"filesUpdated":0,"matched":0,"total":0,"unchecked":0,"uncheckedKeysByFile":[],"unmatched":0,"updated":0},"startTime":1568793858467,"success":true,"testResults":[{"console":null,"failureMessage":null,"numFailingTests":0,"numPassingTests":1,"numPendingTests":0,"perfStats":{"end":1568793861465,"start":1568793861397},"snapshot":{"added":0,"fileDeleted":false,"matched":0,"unchecked":0,"unmatched":0,"updated":0,"uncheckedKeys":[]},"testFilePath":"C:\\Users\\Avi\\bootCamp\\week3\\demoLesson\\demo-lesson-ex-AviMoore10\\.hg\\exercises\\ex-1.test.js","testResults":[{"ancestorTitles":["exercise1"],"duration":5,"failureMessages":[],"fullName":"exercise1 Your add method should return the sum of the two numbers provided as arguments to the function","location":null,"numPassingAsserts":0,"status":"passed","title":"Your add method should return the sum of the two numbers provided as arguments to the function"}],"sourceMaps":{},"skipped":false,"leaks":false},{"console":null,"failureMessage":null,"numFailingTests":0,"numPassingTests":2,"numPendingTests":0,"perfStats":{"end":1568793861376,"start":1568793859839},"snapshot":{"added":0,"fileDeleted":false,"matched":0,"unchecked":0,"unmatched":0,"updated":0,"uncheckedKeys":[]},"testFilePath":"C:\\Users\\Avi\\bootCamp\\week3\\demoLesson\\demo-lesson-ex-AviMoore10\\.hg\\exercises\\ex-2.test.js","testResults":[{"ancestorTitles":["exercise2"],"duration":9,"failureMessages":[],"fullName":"exercise2 You should define a subtract method on the MyApp class","location":null,"numPassingAsserts":0,"status":"passed","title":"You should define a subtract method on the MyApp class"},{"ancestorTitles":["exercise2"],"duration":11,"failureMessages":[],"fullName":"exercise2 Your subtract method should return the subtraction of the two numbers provided as arguments to the function","location":null,"numPassingAsserts":0,"status":"passed","title":"Your subtract method should return the subtraction of the two numbers provided as arguments to the function"}],"sourceMaps":{},"skipped":false,"leaks":false}],"wasInterrupted":false}